[ +182 ms] Artifact Instance of 'MaterialFonts' is not required, skipping update.
[   +1 ms] Artifact Instance of 'GradleWrapper' is not required, skipping update.
[        ] Artifact Instance of 'AndroidGenSnapshotArtifacts' is not required, skipping update.
[        ] Artifact Instance of 'AndroidInternalBuildArtifacts' is not required, skipping update.
[        ] Artifact Instance of 'IOSEngineArtifacts' is not required, skipping update.
[        ] Artifact Instance of 'FlutterWebSdk' is not required, skipping update.
[   +1 ms] Artifact Instance of 'LegacyCanvasKitRemover' is not required, skipping update.
[        ] Artifact Instance of 'FlutterSdk' is not required, skipping update.
[        ] Artifact Instance of 'WindowsEngineArtifacts' is not required, skipping update.
[        ] Artifact Instance of 'MacOSEngineArtifacts' is not required, skipping update.
[        ] Artifact Instance of 'LinuxEngineArtifacts' is not required, skipping update.
[        ] Artifact Instance of 'LinuxFuchsiaSDKArtifacts' is not required, skipping update.
[        ] Artifact Instance of 'MacOSFuchsiaSDKArtifacts' is not required, skipping update.
[        ] Artifact Instance of 'FlutterRunnerSDKArtifacts' is not required, skipping update.
[        ] Artifact Instance of 'FlutterRunnerDebugSymbols' is not required, skipping update.
[        ] Artifact Instance of 'IosUsbArtifacts' is not required, skipping update.
[        ] Artifact Instance of 'IosUsbArtifacts' is not required, skipping update.
[        ] Artifact Instance of 'IosUsbArtifacts' is not required, skipping update.
[        ] Artifact Instance of 'IosUsbArtifacts' is not required, skipping update.
[        ] Artifact Instance of 'IosUsbArtifacts' is not required, skipping update.
[        ] Artifact Instance of 'IosUsbArtifacts' is not required, skipping update.
[        ] Artifact Instance of 'FontSubsetArtifacts' is not required, skipping update.
[        ] Artifact Instance of 'PubDependencies' is not required, skipping update.
[   +1 ms] executing: [C:\Flutter\flutter/] git -c log.showSignature=false log HEAD -n 1 --pretty=format:%ad --date=iso
[  +89 ms] Exit code 0 from: git -c log.showSignature=false log HEAD -n 1 --pretty=format:%ad --date=iso
[        ] 2026-01-13 13:47:42 -0800
[  +25 ms] Artifact Instance of 'AndroidGenSnapshotArtifacts' is not required, skipping update.
[        ] Artifact Instance of 'AndroidInternalBuildArtifacts' is not required, skipping update.
[        ] Artifact Instance of 'IOSEngineArtifacts' is not required, skipping update.
[        ] Artifact Instance of 'FlutterWebSdk' is not required, skipping update.
[        ] Artifact Instance of 'FlutterEngineStamp' is not required, skipping update.
[        ] Artifact Instance of 'LegacyCanvasKitRemover' is not required, skipping update.
[   +2 ms] Artifact Instance of 'WindowsEngineArtifacts' is not required, skipping update.
[        ] Artifact Instance of 'MacOSEngineArtifacts' is not required, skipping update.
[        ] Artifact Instance of 'LinuxEngineArtifacts' is not required, skipping update.
[        ] Artifact Instance of 'LinuxFuchsiaSDKArtifacts' is not required, skipping update.
[        ] Artifact Instance of 'MacOSFuchsiaSDKArtifacts' is not required, skipping update.
[        ] Artifact Instance of 'FlutterRunnerSDKArtifacts' is not required, skipping update.
[        ] Artifact Instance of 'FlutterRunnerDebugSymbols' is not required, skipping update.
[  +47 ms] executing: C:\Users\Mejkerslab\AppData\Local\Android\sdk\platform-tools\adb.exe devices -l
[  +72 ms] List of devices attached
           a811ca50               device product:lavender_eea model:Redmi_Note_7 device:lavender transport_id:2
[   +4 ms] C:\Users\Mejkerslab\AppData\Local\Android\sdk\platform-tools\adb.exe -s a811ca50 shell getprop
[ +115 ms] Artifact Instance of 'AndroidInternalBuildArtifacts' is not required, skipping update.
[        ] Artifact Instance of 'IOSEngineArtifacts' is not required, skipping update.
[        ] Artifact Instance of 'FlutterWebSdk' is not required, skipping update.
[        ] Artifact Instance of 'FlutterEngineStamp' is not required, skipping update.
[        ] Artifact Instance of 'LegacyCanvasKitRemover' is not required, skipping update.
[   +1 ms] Artifact Instance of 'WindowsEngineArtifacts' is not required, skipping update.
[        ] Artifact Instance of 'MacOSEngineArtifacts' is not required, skipping update.
[        ] Artifact Instance of 'LinuxEngineArtifacts' is not required, skipping update.
[        ] Artifact Instance of 'LinuxFuchsiaSDKArtifacts' is not required, skipping update.
[        ] Artifact Instance of 'MacOSFuchsiaSDKArtifacts' is not required, skipping update.
[        ] Artifact Instance of 'FlutterRunnerSDKArtifacts' is not required, skipping update.
[        ] Artifact Instance of 'FlutterRunnerDebugSymbols' is not required, skipping update.
[  +99 ms] Skipping pub get: version match.
[  +80 ms] Found plugin permission_handler at C:\Users\Mejkerslab\AppData\Local\Pub\Cache\hosted\pub.dev\permission_handler-11.4.0\
[   +6 ms] Found plugin permission_handler_windows at C:\Users\Mejkerslab\AppData\Local\Pub\Cache\hosted\pub.dev\permission_handler_windows-0.2.1\
[   +5 ms] Found plugin permission_handler_html at C:\Users\Mejkerslab\AppData\Local\Pub\Cache\hosted\pub.dev\permission_handler_html-0.1.3+5\
[   +4 ms] Found plugin permission_handler_apple at C:\Users\Mejkerslab\AppData\Local\Pub\Cache\hosted\pub.dev\permission_handler_apple-9.4.7\
[   +3 ms] Found plugin permission_handler_android at C:\Users\Mejkerslab\AppData\Local\Pub\Cache\hosted\pub.dev\permission_handler_android-12.1.0\
[   +7 ms] Found plugin path_provider at C:\Users\Mejkerslab\AppData\Local\Pub\Cache\hosted\pub.dev\path_provider-2.1.5\
[   +1 ms] Found plugin path_provider_windows at C:\Users\Mejkerslab\AppData\Local\Pub\Cache\hosted\pub.dev\path_provider_windows-2.3.0\
[   +6 ms] Found plugin path_provider_linux at C:\Users\Mejkerslab\AppData\Local\Pub\Cache\hosted\pub.dev\path_provider_linux-2.2.1\
[   +4 ms] Found plugin path_provider_foundation at C:\Users\Mejkerslab\AppData\Local\Pub\Cache\hosted\pub.dev\path_provider_foundation-2.6.0\
[  +19 ms] Found plugin path_provider_android at C:\Users\Mejkerslab\AppData\Local\Pub\Cache\hosted\pub.dev\path_provider_android-2.2.22\
[   +4 ms] Found plugin flutter_blue_plus at C:\Users\Mejkerslab\AppData\Local\Pub\Cache\hosted\pub.dev\flutter_blue_plus-1.36.8\
[   +3 ms] Found plugin flutter_blue_plus_web at C:\Users\Mejkerslab\AppData\Local\Pub\Cache\hosted\pub.dev\flutter_blue_plus_web-7.0.2\
[   +4 ms] Found plugin flutter_blue_plus_linux at C:\Users\Mejkerslab\AppData\Local\Pub\Cache\hosted\pub.dev\flutter_blue_plus_linux-7.0.3\
[  +10 ms] Found plugin flutter_blue_plus_darwin at C:\Users\Mejkerslab\AppData\Local\Pub\Cache\hosted\pub.dev\flutter_blue_plus_darwin-7.0.3\
[   +3 ms] Found plugin flutter_blue_plus_android at C:\Users\Mejkerslab\AppData\Local\Pub\Cache\hosted\pub.dev\flutter_blue_plus_android-7.0.4\
[  +59 ms] Found plugin permission_handler at C:\Users\Mejkerslab\AppData\Local\Pub\Cache\hosted\pub.dev\permission_handler-11.4.0\
[   +1 ms] Found plugin permission_handler_windows at C:\Users\Mejkerslab\AppData\Local\Pub\Cache\hosted\pub.dev\permission_handler_windows-0.2.1\
[   +4 ms] Found plugin permission_handler_html at C:\Users\Mejkerslab\AppData\Local\Pub\Cache\hosted\pub.dev\permission_handler_html-0.1.3+5\
[   +3 ms] Found plugin permission_handler_apple at C:\Users\Mejkerslab\AppData\Local\Pub\Cache\hosted\pub.dev\permission_handler_apple-9.4.7\
[   +1 ms] Found plugin permission_handler_android at C:\Users\Mejkerslab\AppData\Local\Pub\Cache\hosted\pub.dev\permission_handler_android-12.1.0\
[   +2 ms] Found plugin path_provider at C:\Users\Mejkerslab\AppData\Local\Pub\Cache\hosted\pub.dev\path_provider-2.1.5\
[   +1 ms] Found plugin path_provider_windows at C:\Users\Mejkerslab\AppData\Local\Pub\Cache\hosted\pub.dev\path_provider_windows-2.3.0\
[   +5 ms] Found plugin path_provider_linux at C:\Users\Mejkerslab\AppData\Local\Pub\Cache\hosted\pub.dev\path_provider_linux-2.2.1\
[   +3 ms] Found plugin path_provider_foundation at C:\Users\Mejkerslab\AppData\Local\Pub\Cache\hosted\pub.dev\path_provider_foundation-2.6.0\
[  +13 ms] Found plugin path_provider_android at C:\Users\Mejkerslab\AppData\Local\Pub\Cache\hosted\pub.dev\path_provider_android-2.2.22\
[   +3 ms] Found plugin flutter_blue_plus at C:\Users\Mejkerslab\AppData\Local\Pub\Cache\hosted\pub.dev\flutter_blue_plus-1.36.8\
[   +1 ms] Found plugin flutter_blue_plus_web at C:\Users\Mejkerslab\AppData\Local\Pub\Cache\hosted\pub.dev\flutter_blue_plus_web-7.0.2\
[   +2 ms] Found plugin flutter_blue_plus_linux at C:\Users\Mejkerslab\AppData\Local\Pub\Cache\hosted\pub.dev\flutter_blue_plus_linux-7.0.3\
[   +7 ms] Found plugin flutter_blue_plus_darwin at C:\Users\Mejkerslab\AppData\Local\Pub\Cache\hosted\pub.dev\flutter_blue_plus_darwin-7.0.3\
[   +1 ms] Found plugin flutter_blue_plus_android at C:\Users\Mejkerslab\AppData\Local\Pub\Cache\hosted\pub.dev\flutter_blue_plus_android-7.0.4\
[  +11 ms] Skipping generating web_plugin_registrant.dart because it is up-to-date.
[  +34 ms] Found plugin permission_handler at C:\Users\Mejkerslab\AppData\Local\Pub\Cache\hosted\pub.dev\permission_handler-11.4.0\
[   +1 ms] Found plugin permission_handler_windows at C:\Users\Mejkerslab\AppData\Local\Pub\Cache\hosted\pub.dev\permission_handler_windows-0.2.1\
[   +3 ms] Found plugin permission_handler_html at C:\Users\Mejkerslab\AppData\Local\Pub\Cache\hosted\pub.dev\permission_handler_html-0.1.3+5\
[   +3 ms] Found plugin permission_handler_apple at C:\Users\Mejkerslab\AppData\Local\Pub\Cache\hosted\pub.dev\permission_handler_apple-9.4.7\
[   +1 ms] Found plugin permission_handler_android at C:\Users\Mejkerslab\AppData\Local\Pub\Cache\hosted\pub.dev\permission_handler_android-12.1.0\
[   +2 ms] Found plugin path_provider at C:\Users\Mejkerslab\AppData\Local\Pub\Cache\hosted\pub.dev\path_provider-2.1.5\
[   +1 ms] Found plugin path_provider_windows at C:\Users\Mejkerslab\AppData\Local\Pub\Cache\hosted\pub.dev\path_provider_windows-2.3.0\
[   +3 ms] Found plugin path_provider_linux at C:\Users\Mejkerslab\AppData\Local\Pub\Cache\hosted\pub.dev\path_provider_linux-2.2.1\
[   +2 ms] Found plugin path_provider_foundation at C:\Users\Mejkerslab\AppData\Local\Pub\Cache\hosted\pub.dev\path_provider_foundation-2.6.0\
[  +12 ms] Found plugin path_provider_android at C:\Users\Mejkerslab\AppData\Local\Pub\Cache\hosted\pub.dev\path_provider_android-2.2.22\
[   +3 ms] Found plugin flutter_blue_plus at C:\Users\Mejkerslab\AppData\Local\Pub\Cache\hosted\pub.dev\flutter_blue_plus-1.36.8\
[   +1 ms] Found plugin flutter_blue_plus_web at C:\Users\Mejkerslab\AppData\Local\Pub\Cache\hosted\pub.dev\flutter_blue_plus_web-7.0.2\
[   +2 ms] Found plugin flutter_blue_plus_linux at C:\Users\Mejkerslab\AppData\Local\Pub\Cache\hosted\pub.dev\flutter_blue_plus_linux-7.0.3\
[   +5 ms] Found plugin flutter_blue_plus_darwin at C:\Users\Mejkerslab\AppData\Local\Pub\Cache\hosted\pub.dev\flutter_blue_plus_darwin-7.0.3\
[        ] Found plugin flutter_blue_plus_android at C:\Users\Mejkerslab\AppData\Local\Pub\Cache\hosted\pub.dev\flutter_blue_plus_android-7.0.4\
[   +8 ms] Generating C:\esp\ESP32-S3\FlutterApp\LifeLink\life_link\android\app\src\main\java\io\flutter\plugins\GeneratedPluginRegistrant.java
[   +2 ms] Skipping generating GeneratedPluginRegistrant.java because it is up-to-date.
[   +4 ms] Skipping generating generated_plugin_registrant.h because it is up-to-date.
[   +1 ms] Skipping generating generated_plugin_registrant.cc because it is up-to-date.
[   +1 ms] Skipping generating generated_plugins.cmake because it is up-to-date.
[   +2 ms] Skipping generating generated_plugin_registrant.h because it is up-to-date.
[   +1 ms] Skipping generating generated_plugin_registrant.cc because it is up-to-date.
[   +1 ms] Skipping generating generated_plugins.cmake because it is up-to-date.
[   +2 ms] Skipping generating GeneratedPluginRegistrant.h because it is up-to-date.
[   +1 ms] Skipping generating GeneratedPluginRegistrant.m because it is up-to-date.
[   +1 ms] Skipping generating GeneratedPluginRegistrant.swift because it is up-to-date.
[  +27 ms] ro.hardware = qcom
[  +50 ms] Initializing file store
[  +14 ms] Skipping target: gen_localizations
[   +2 ms] gen_dart_plugin_registrant: Starting due to {InvalidatedReasonKind.inputChanged: The following inputs have updated contents: C:\esp\ESP32-S3\FlutterApp\LifeLink\life_link\.dart_tool\package_config.json,C:\esp\ESP32-S3\FlutterApp\LifeLink\life_link\.dart_tool\flutter_build\dart_plugin_registrant.dart}
[  +76 ms] Found plugin permission_handler at C:\Users\Mejkerslab\AppData\Local\Pub\Cache\hosted\pub.dev\permission_handler-11.4.0\
[   +1 ms] Found plugin permission_handler_windows at C:\Users\Mejkerslab\AppData\Local\Pub\Cache\hosted\pub.dev\permission_handler_windows-0.2.1\
[   +2 ms] Found plugin permission_handler_html at C:\Users\Mejkerslab\AppData\Local\Pub\Cache\hosted\pub.dev\permission_handler_html-0.1.3+5\
[   +3 ms] Found plugin permission_handler_apple at C:\Users\Mejkerslab\AppData\Local\Pub\Cache\hosted\pub.dev\permission_handler_apple-9.4.7\
[   +1 ms] Found plugin permission_handler_android at C:\Users\Mejkerslab\AppData\Local\Pub\Cache\hosted\pub.dev\permission_handler_android-12.1.0\
[   +2 ms] Found plugin path_provider at C:\Users\Mejkerslab\AppData\Local\Pub\Cache\hosted\pub.dev\path_provider-2.1.5\
[   +8 ms] Found plugin path_provider_windows at C:\Users\Mejkerslab\AppData\Local\Pub\Cache\hosted\pub.dev\path_provider_windows-2.3.0\
[   +5 ms] Found plugin path_provider_linux at C:\Users\Mejkerslab\AppData\Local\Pub\Cache\hosted\pub.dev\path_provider_linux-2.2.1\
[   +2 ms] Found plugin path_provider_foundation at C:\Users\Mejkerslab\AppData\Local\Pub\Cache\hosted\pub.dev\path_provider_foundation-2.6.0\
[   +9 ms] Found plugin path_provider_android at C:\Users\Mejkerslab\AppData\Local\Pub\Cache\hosted\pub.dev\path_provider_android-2.2.22\
[   +2 ms] Found plugin flutter_blue_plus at C:\Users\Mejkerslab\AppData\Local\Pub\Cache\hosted\pub.dev\flutter_blue_plus-1.36.8\
[   +1 ms] Found plugin flutter_blue_plus_web at C:\Users\Mejkerslab\AppData\Local\Pub\Cache\hosted\pub.dev\flutter_blue_plus_web-7.0.2\
[   +1 ms] Found plugin flutter_blue_plus_linux at C:\Users\Mejkerslab\AppData\Local\Pub\Cache\hosted\pub.dev\flutter_blue_plus_linux-7.0.3\
[   +5 ms] Found plugin flutter_blue_plus_darwin at C:\Users\Mejkerslab\AppData\Local\Pub\Cache\hosted\pub.dev\flutter_blue_plus_darwin-7.0.3\
[        ] Found plugin flutter_blue_plus_android at C:\Users\Mejkerslab\AppData\Local\Pub\Cache\hosted\pub.dev\flutter_blue_plus_android-7.0.4\
[   +5 ms] Skipping generating dart_plugin_registrant.dart because it is up-to-date.
[        ] gen_dart_plugin_registrant: Complete
[   +2 ms] Skipping target: _composite
[   +1 ms] complete
[   +4 ms] Launching lib\main.dart on Redmi Note 7 in debug mode...
[   +2 ms] C:\Flutter\flutter\bin\cache\dart-sdk\bin\dartaotruntime.exe C:\Flutter\flutter\bin\cache\dart-sdk\bin\snapshots\frontend_server_aot.dart.snapshot --sdk-root C:\Flutter\flutter\bin\cache\artifacts\engine\common\flutter_patched_sdk/ --incremental --target=flutter --experimental-emit-debug-metadata -DFLUTTER_VERSION=3.38.7 -DFLUTTER_CHANNEL=stable -DFLUTTER_GIT_URL=https://github.com/flutter/flutter.git -DFLUTTER_FRAMEWORK_REVISION=3b62efc2a3 -DFLUTTER_ENGINE_REVISION=78fc3012e4 -DFLUTTER_DART_VERSION=3.10.7 --output-dill C:\Users\MEJKER~1\AppData\Local\Temp\flutter_tools.43ae404\flutter_tool.b3957cdb\app.dill --packages C:\esp\ESP32-S3\FlutterApp\LifeLink\life_link\.dart_tool\package_config.json -Ddart.vm.profile=false -Ddart.vm.product=false --enable-asserts --track-widget-creation --filesystem-scheme org-dartlang-root --initialize-from-dill build\199e63d12aae48772fe1ad268adc4fc7.cache.dill.track.dill --source file:///C:/esp/ESP32-S3/FlutterApp/LifeLink/life_link/.dart_tool/flutter_build/dart_plugin_registrant.dart --source package:flutter/src/dart_plugin_registrant.dart -Dflutter.dart_plugin_registrant=file:///C:/esp/ESP32-S3/FlutterApp/LifeLink/life_link/.dart_tool/flutter_build/dart_plugin_registrant.dart --verbosity=error --enable-experiment=alternative-invalidation-strategy
[  +10 ms] executing: C:\Users\Mejkerslab\AppData\Local\Android\sdk\platform-tools\adb.exe -s a811ca50 shell -x logcat -v time -t 1
[  +31 ms] <- compile package:life_link/main.dart
[ +157 ms] --------- beginning of main
           01-28 07:06:49.145 I/BatteryChargeTimeHelper( 4075): Left charge time, 0.75 2h7m14s25ms
[  +38 ms] executing: C:\Users\Mejkerslab\AppData\Local\Android\sdk\platform-tools\adb.exe version
[  +47 ms] Android Debug Bridge version 1.0.41
           Version 36.0.0-13206524
           Installed as C:\Users\Mejkerslab\AppData\Local\Android\sdk\platform-tools\adb.exe
           Running on Windows 10.0.26200
[   +1 ms] executing: C:\Users\Mejkerslab\AppData\Local\Android\sdk\platform-tools\adb.exe start-server
[  +53 ms] Building APK
[  +10 ms] executing: C:\Program Files\Android\Android Studio\jbr\bin\java -version
[ +160 ms] Exit code 0 from: C:\Program Files\Android\Android Studio\jbr\bin\java -version
[        ] openjdk version "21.0.8" 2025-07-15
           OpenJDK Runtime Environment (build 21.0.8+-14196175-b1038.72)
           OpenJDK 64-Bit Server VM (build 21.0.8+-14196175-b1038.72, mixed mode)
[   +1 ms] executing: C:\Program Files\Android\Android Studio\jbr\bin\java -version
[ +152 ms] Exit code 0 from: C:\Program Files\Android\Android Studio\jbr\bin\java -version
[        ] openjdk version "21.0.8" 2025-07-15
           OpenJDK Runtime Environment (build 21.0.8+-14196175-b1038.72)
           OpenJDK 64-Bit Server VM (build 21.0.8+-14196175-b1038.72, mixed mode)
[   +6 ms] Top-level Gradle build file not found, skipping migration of task "clean".
[   +2 ms] executing: C:\Program Files\Android\Android Studio\jbr\bin\java --version
[ +161 ms] Exit code 0 from: C:\Program Files\Android\Android Studio\jbr\bin\java --version
[        ] openjdk 21.0.8 2025-07-15
           OpenJDK Runtime Environment (build 21.0.8+-14196175-b1038.72)
           OpenJDK 64-Bit Server VM (build 21.0.8+-14196175-b1038.72, mixed mode)
[   +1 ms] Version of Java is different than impacted version, no migration attempted.
[  +15 ms] CMake project not found, skipping support Android 15 16k page size migration.
[   +5 ms] Using gradle from C:\esp\ESP32-S3\FlutterApp\LifeLink\life_link\android\gradlew.bat.
[  +12 ms] LocalFile: 'C:\esp\ESP32-S3\FlutterApp\LifeLink\life_link\android\build.gradle.kts' doesn't provide an AGP version. Checking settings.
[   +1 ms] LocalFile: 'C:\esp\ESP32-S3\FlutterApp\LifeLink\life_link\android\settings.gradle.kts' provides AGP version: 8.11.1
[   +4 ms] Running Gradle task 'assembleDebug'...
[        ] executing: [C:\esp\ESP32-S3\FlutterApp\LifeLink\life_link\android/] C:\esp\ESP32-S3\FlutterApp\LifeLink\life_link\android\gradlew.bat --full-stacktrace --info -Pverbose=true -Ptarget-platform=android-arm64 -Ptarget=C:\esp\ESP32-S3\FlutterApp\LifeLink\life_link\lib\main.dart -Pbase-application-name=android.app.Application -Pdart-defines=RkxVVFRFUl9WRVJTSU9OPTMuMzguNw==,RkxVVFRFUl9DSEFOTkVMPXN0YWJsZQ==,RkxVVFRFUl9HSVRfVVJMPWh0dHBzOi8vZ2l0aHViLmNvbS9mbHV0dGVyL2ZsdXR0ZXIuZ2l0,RkxVVFRFUl9GUkFNRVdPUktfUkVWSVNJT049M2I2MmVmYzJhMw==,RkxVVFRFUl9FTkdJTkVfUkVWSVNJT049NzhmYzMwMTJlNA==,RkxVVFRFUl9EQVJUX1ZFUlNJT049My4xMC43 -Pdart-obfuscation=false -Ptrack-widget-creation=true -Ptree-shake-icons=false -Pfilesystem-scheme=org-dartlang-root assembleDebug
[ +944 ms] Initialized native services in: C:\Users\Mejkerslab\.gradle\native
[        ] Initialized jansi services in: C:\Users\Mejkerslab\.gradle\native
[ +428 ms] The client will now receive all logging from the daemon (pid: 6940). The daemon log file: C:\Users\Mejkerslab\.gradle\daemon\8.14\daemon-6940.out.log
[        ] Starting 4th build in daemon [uptime: 5 mins 47.028 secs, performance: 100%, GC rate: 0.00/s, heap usage: 0% of 8 GiB, non-heap usage: 5% of 4 GiB]
[        ] Using 12 worker leases.
[ +109 ms] Now considering [C:\esp\ESP32-S3\FlutterApp\LifeLink\life_link\android, C:\Flutter\flutter\packages\flutter_tools\gradle] as hierarchies to watch
[        ] Watching the file system is configured to be enabled if available
[        ] File system watching is active
[        ] Starting Build
[        ] Now considering [C:\Flutter\flutter\packages\flutter_tools\gradle, C:\esp\ESP32-S3\FlutterApp\LifeLink\life_link\android] as hierarchies to watch
[  +89 ms] > Configure project :gradle
[        ] Evaluating project ':gradle' using build file 'C:\Flutter\flutter\packages\flutter_tools\gradle\build.gradle.kts'.
[        ] Resolved plugin [id: 'org.gradle.java-gradle-plugin']
[        ] Resolved plugin [id: 'org.gradle.groovy']
[        ] Resolved plugin [id: 'org.gradle.kotlin.kotlin-dsl', version: '5.2.0']
[        ] Resolved plugin [id: 'org.jetbrains.kotlin.jvm', version: '1.9.20']
[        ] Using Kotlin Gradle Plugin gradle85 variant
[        ] kotlin scripting plugin: created the scripting discovery configuration: kotlinScriptDef
[        ] kotlin scripting plugin: created the scripting discovery configuration: testKotlinScriptDef
[        ] file or directory 'C:\Flutter\flutter\packages\flutter_tools\gradle\src\main\java', not found
[        ] Resolved plugin [id: 'dev.flutter.flutter-plugin-loader', version: '1.0.0']
[        ] Resolved plugin [id: 'com.android.application', version: '8.11.1', apply: false]
[        ] Resolved plugin [id: 'org.jetbrains.kotlin.android', version: '2.2.20', apply: false]
[ +103 ms] Resolve mutations for :gradle:checkKotlinGradlePluginConfigurationErrors (Thread[#578,Execution worker,5,main]) started.
[        ] :gradle:checkKotlinGradlePluginConfigurationErrors (Thread[#578,Execution worker,5,main]) started.
[        ] > Task :gradle:checkKotlinGradlePluginConfigurationErrors SKIPPED
[        ] Skipping task ':gradle:checkKotlinGradlePluginConfigurationErrors' as task onlyIf 'errorDiagnostics are present' is false.
[        ] Resolve mutations for :gradle:compileKotlin (Thread[#578,Execution worker,5,main]) started.
[        ] :gradle:compileKotlin (Thread[#578,Execution worker,5,main]) started.
[        ] > Task :gradle:compileKotlin UP-TO-DATE
[        ] Caching disabled for task ':gradle:compileKotlin' because:
[        ]   Build cache is disabled
[        ] Skipping task ':gradle:compileKotlin' as it is up-to-date.
[        ] Resolve mutations for :gradle:compileJava (Thread[#578,Execution worker,5,main]) started.
[        ] :gradle:compileJava (Thread[#578,Execution worker,5,main]) started.
[        ] > Task :gradle:compileJava NO-SOURCE
[        ] Skipping task ':gradle:compileJava' as it has no source files and no previous output files.
[        ] Resolve mutations for :gradle:compileGroovy (Thread[#578,Execution worker,5,main]) started.
[        ] :gradle:compileGroovy (Thread[#578,Execution worker,5,main]) started.
[        ] > Task :gradle:compileGroovy NO-SOURCE
[        ] Skipping task ':gradle:compileGroovy' as it has no source files and no previous output files.
[        ] Resolve mutations for :gradle:pluginDescriptors (Thread[#578,Execution worker,5,main]) started.
[        ] :gradle:pluginDescriptors (Thread[#587,Execution worker Thread 10,5,main]) started.
[        ] > Task :gradle:pluginDescriptors UP-TO-DATE
[        ] Caching disabled for task ':gradle:pluginDescriptors' because:
[        ]   Build cache is disabled
[        ]   Not worth caching
[        ] Skipping task ':gradle:pluginDescriptors' as it is up-to-date.
[        ] Resolve mutations for :gradle:processResources (Thread[#587,Execution worker Thread 10,5,main]) started.
[        ] :gradle:processResources (Thread[#581,Execution worker Thread 4,5,main]) started.
[        ] > Task :gradle:processResources UP-TO-DATE
[        ] Caching disabled for task ':gradle:processResources' because:
[        ]   Build cache is disabled
[        ]   Not worth caching
[        ] Skipping task ':gradle:processResources' as it is up-to-date.
[        ] Resolve mutations for :gradle:classes (Thread[#581,Execution worker Thread 4,5,main]) started.
[        ] :gradle:classes (Thread[#581,Execution worker Thread 4,5,main]) started.
[        ] > Task :gradle:classes UP-TO-DATE
[        ] Skipping task ':gradle:classes' as it has no actions.
[        ] Resolve mutations for :gradle:jar (Thread[#581,Execution worker Thread 4,5,main]) started.
[        ] :gradle:jar (Thread[#581,Execution worker Thread 4,5,main]) started.
[        ] > Task :gradle:jar UP-TO-DATE
[        ] Caching disabled for task ':gradle:jar' because:
[        ]   Build cache is disabled
[        ]   Not worth caching
[        ] Skipping task ':gradle:jar' as it is up-to-date.
[ +174 ms] Settings evaluated using settings file 'C:\esp\ESP32-S3\FlutterApp\LifeLink\life_link\android\settings.gradle.kts'.
[        ] Projects loaded. Root project using build file 'C:\esp\ESP32-S3\FlutterApp\LifeLink\life_link\android\build.gradle.kts'.
[        ] Included projects: [root project 'android', project ':app', project ':flutter_blue_plus_android', project ':path_provider_android', project ':permission_handler_android']
[ +200 ms] > Configure project :app
[        ] Evaluating project ':app' using build file 'C:\esp\ESP32-S3\FlutterApp\LifeLink\life_link\android\app\build.gradle.kts'.
[        ] Resolved plugin [id: 'com.android.application']
[        ] Resolved plugin [id: 'kotlin-android']
[        ] Resolved plugin [id: 'dev.flutter.flutter-gradle-plugin']
[        ] Using default execution profile
[        ] Build 4e901e40-01f5-4a46-bf14-a240ffb06a5d is started
[        ] Using Kotlin Gradle Plugin gradle813 variant
[        ] C/C++: android.ndkVersion from module build.gradle is [28.2.13676358]
[   +1 ms] C/C++: android.ndkPath from module build.gradle is not set
[        ] C/C++: ndk.dir in local.properties is not set
[        ] C/C++: Not considering ANDROID_NDK_HOME because support was removed after deprecation period.
[        ] C/C++: sdkFolder is C:\Users\Mejkerslab\AppData\Local\Android\sdk
[        ] C/C++: android.ndkVersion from module build.gradle is [28.2.13676358]
[        ] C/C++: android.ndkPath from module build.gradle is not set
[        ] C/C++: ndk.dir in local.properties is not set
[        ] C/C++: Not considering ANDROID_NDK_HOME because support was removed after deprecation period.
[        ] C/C++: sdkFolder is C:\Users\Mejkerslab\AppData\Local\Android\sdk
[        ] C/C++: android.ndkVersion from module build.gradle is [28.2.13676358]
[        ] C/C++: android.ndkPath from module build.gradle is not set
[        ] C/C++: ndk.dir in local.properties is not set
[        ] C/C++: Not considering ANDROID_NDK_HOME because support was removed after deprecation period.
[        ] C/C++: sdkFolder is C:\Users\Mejkerslab\AppData\Local\Android\sdk
[        ] C/C++: android.ndkVersion from module build.gradle is [28.2.13676358]
[        ] C/C++: android.ndkPath from module build.gradle is not set
[        ] C/C++: ndk.dir in local.properties is not set
[        ] C/C++: Not considering ANDROID_NDK_HOME because support was removed after deprecation period.
[        ] C/C++: sdkFolder is C:\Users\Mejkerslab\AppData\Local\Android\sdk
[        ] C/C++: android.ndkVersion from module build.gradle is [28.2.13676358]
[        ] C/C++: android.ndkPath from module build.gradle is not set
[        ] C/C++: ndk.dir in local.properties is not set
[        ] C/C++: Not considering ANDROID_NDK_HOME because support was removed after deprecation period.
[        ] C/C++: sdkFolder is C:\Users\Mejkerslab\AppData\Local\Android\sdk
[        ] C/C++: android.ndkVersion from module build.gradle is [28.2.13676358]
[        ] C/C++: android.ndkPath from module build.gradle is not set
[        ] C/C++: ndk.dir in local.properties is not set
[        ] C/C++: Not considering ANDROID_NDK_HOME because support was removed after deprecation period.
[        ] C/C++: sdkFolder is C:\Users\Mejkerslab\AppData\Local\Android\sdk
[        ] C/C++: android.ndkVersion from module build.gradle is [28.2.13676358]
[        ] C/C++: android.ndkPath from module build.gradle is not set
[        ] C/C++: ndk.dir in local.properties is not set
[        ] C/C++: Not considering ANDROID_NDK_HOME because support was removed after deprecation period.
[        ] C/C++: sdkFolder is C:\Users\Mejkerslab\AppData\Local\Android\sdk
[        ] C/C++: android.ndkVersion from module build.gradle is [28.2.13676358]
[        ] C/C++: android.ndkPath from module build.gradle is not set
[        ] C/C++: ndk.dir in local.properties is not set
[        ] C/C++: Not considering ANDROID_NDK_HOME because support was removed after deprecation period.
[        ] C/C++: sdkFolder is C:\Users\Mejkerslab\AppData\Local\Android\sdk
[        ] C/C++: android.ndkVersion from module build.gradle is [28.2.13676358]
[        ] C/C++: android.ndkPath from module build.gradle is not set
[        ] C/C++: ndk.dir in local.properties is not set
[        ] C/C++: Not considering ANDROID_NDK_HOME because support was removed after deprecation period.
[        ] C/C++: sdkFolder is C:\Users\Mejkerslab\AppData\Local\Android\sdk
[        ] C/C++: android.ndkVersion from module build.gradle is [28.2.13676358]
[        ] C/C++: android.ndkPath from module build.gradle is not set
[        ] C/C++: ndk.dir in local.properties is not set
[        ] C/C++: Not considering ANDROID_NDK_HOME because support was removed after deprecation period.
[        ] C/C++: sdkFolder is C:\Users\Mejkerslab\AppData\Local\Android\sdk
[        ] C/C++: android.ndkVersion from module build.gradle is [28.2.13676358]
[        ] C/C++: android.ndkPath from module build.gradle is not set
[        ] C/C++: ndk.dir in local.properties is not set
[        ] C/C++: Not considering ANDROID_NDK_HOME because support was removed after deprecation period.
[        ] C/C++: sdkFolder is C:\Users\Mejkerslab\AppData\Local\Android\sdk
[        ] C/C++: android.ndkVersion from module build.gradle is [28.2.13676358]
[        ] C/C++: android.ndkPath from module build.gradle is not set
[        ] C/C++: ndk.dir in local.properties is not set
[        ] C/C++: Not considering ANDROID_NDK_HOME because support was removed after deprecation period.
[        ] C/C++: sdkFolder is C:\Users\Mejkerslab\AppData\Local\Android\sdk
[        ] C/C++: android.ndkVersion from module build.gradle is [28.2.13676358]
[        ] C/C++: android.ndkPath from module build.gradle is not set
[   +1 ms] C/C++: ndk.dir in local.properties is not set
[        ] C/C++: Not considering ANDROID_NDK_HOME because support was removed after deprecation period.
[        ] C/C++: sdkFolder is C:\Users\Mejkerslab\AppData\Local\Android\sdk
[        ] C/C++: android.ndkVersion from module build.gradle is [28.2.13676358]
[        ] C/C++: android.ndkPath from module build.gradle is not set
[        ] C/C++: ndk.dir in local.properties is not set
[        ] C/C++: Not considering ANDROID_NDK_HOME because support was removed after deprecation period.
[        ] C/C++: sdkFolder is C:\Users\Mejkerslab\AppData\Local\Android\sdk
[        ] C/C++: android.ndkVersion from module build.gradle is [28.2.13676358]
[        ] C/C++: android.ndkPath from module build.gradle is not set
[        ] C/C++: ndk.dir in local.properties is not set
[        ] C/C++: Not considering ANDROID_NDK_HOME because support was removed after deprecation period.
[        ] C/C++: sdkFolder is C:\Users\Mejkerslab\AppData\Local\Android\sdk
[        ] C/C++: android.ndkVersion from module build.gradle is [28.2.13676358]
[        ] C/C++: android.ndkPath from module build.gradle is not set
[        ] C/C++: ndk.dir in local.properties is not set
[        ] C/C++: Not considering ANDROID_NDK_HOME because support was removed after deprecation period.
[        ] C/C++: sdkFolder is C:\Users\Mejkerslab\AppData\Local\Android\sdk
[        ] C/C++: android.ndkVersion from module build.gradle is [28.2.13676358]
[        ] C/C++: android.ndkPath from module build.gradle is not set
[        ] C/C++: ndk.dir in local.properties is not set
[        ] C/C++: Not considering ANDROID_NDK_HOME because support was removed after deprecation period.
[        ] C/C++: sdkFolder is C:\Users\Mejkerslab\AppData\Local\Android\sdk
[        ] C/C++: android.ndkVersion from module build.gradle is [28.2.13676358]
[        ] C/C++: android.ndkPath from module build.gradle is not set
[        ] C/C++: ndk.dir in local.properties is not set
[        ] C/C++: Not considering ANDROID_NDK_HOME because support was removed after deprecation period.
[        ] C/C++: sdkFolder is C:\Users\Mejkerslab\AppData\Local\Android\sdk
[        ] C/C++: android.ndkVersion from module build.gradle is [28.2.13676358]
[        ] C/C++: android.ndkPath from module build.gradle is not set
[        ] C/C++: ndk.dir in local.properties is not set
[        ] C/C++: Not considering ANDROID_NDK_HOME because support was removed after deprecation period.
[        ] C/C++: sdkFolder is C:\Users\Mejkerslab\AppData\Local\Android\sdk
[        ] > Configure project :
[        ] Evaluating root project 'android' using build file 'C:\esp\ESP32-S3\FlutterApp\LifeLink\life_link\android\build.gradle.kts'.
[  +65 ms] > Configure project :flutter_blue_plus_android
[        ] Evaluating project ':flutter_blue_plus_android' using build file 'C:\Users\Mejkerslab\AppData\Local\Pub\Cache\hosted\pub.dev\flutter_blue_plus_android-7.0.4\android\build.gradle'.
[        ] Using default execution profile
[ +108 ms] > Configure project :path_provider_android
[        ] Evaluating project ':path_provider_android' using build file 'C:\Users\Mejkerslab\AppData\Local\Pub\Cache\hosted\pub.dev\path_provider_android-2.2.22\android\build.gradle'.
[        ] Using default execution profile
[ +200 ms] > Configure project :permission_handler_android
[        ] Evaluating project ':permission_handler_android' using build file 'C:\Users\Mejkerslab\AppData\Local\Pub\Cache\hosted\pub.dev\permission_handler_android-12.1.0\android\build.gradle'.
[        ] Using default execution profile
[        ] All projects evaluated.
[        ] Task name matched 'assembleDebug'
[        ] Selected primary task 'assembleDebug' from project :
[        ] Adding -Xuse-inline-scopes-numbers Kotlin compiler flag for task :app:compileDebugKotlin
[  +22 ms] lib/screens/dashboard_screen.dart:86:36: Error: Member not found: 'GoogleFonts.chapeau'.
[        ]                 style: GoogleFonts.chapeau(
[        ]                                    ^^^^^^^
[ +183 ms] Tasks to be executed: [task ':app:DebugMinSdkCheck', task ':app:preBuild', task ':app:preDebugBuild', task ':app:mergeDebugNativeDebugMetadata', task ':app:checkKotlinGradlePluginConfigurationErrors', task ':app:compileFlutterBuildDebug', task ':app:packJniLibsflutterBuildDebug', task ':flutter_blue_plus_android:preBuild', task ':flutter_blue_plus_android:preDebugBuild', task ':flutter_blue_plus_android:writeDebugAarMetadata', task ':path_provider_android:preBuild', task ':path_provider_android:preDebugBuild', task ':path_provider_android:writeDebugAarMetadata', task ':permission_handler_android:preBuild', task ':permission_handler_android:preDebugBuild', task ':permission_handler_android:writeDebugAarMetadata', task ':app:checkDebugAarMetadata', task ':app:cleanMergeDebugAssets', task ':app:mergeDebugShaders', task ':app:compileDebugShaders', task ':app:generateDebugAssets', task ':flutter_blue_plus_android:mergeDebugShaders', task ':flutter_blue_plus_android:compileDebugShaders', task ':flutter_blue_plus_android:generateDebugAssets', task ':flutter_blue_plus_android:mergeDebugAssets', task ':path_provider_android:mergeDebugShaders', task ':path_provider_android:compileDebugShaders', task ':path_provider_android:generateDebugAssets', task ':path_provider_android:mergeDebugAssets', task ':permission_handler_android:mergeDebugShaders', task ':permission_handler_android:compileDebugShaders', task ':permission_handler_android:generateDebugAssets', task ':permission_handler_android:mergeDebugAssets', task ':app:mergeDebugAssets', task ':app:copyFlutterAssetsDebug', task ':app:generateDebugResValues', task ':flutter_blue_plus_android:generateDebugResValues', task ':flutter_blue_plus_android:generateDebugResources', task ':flutter_blue_plus_android:packageDebugResources', task ':path_provider_android:generateDebugResValues', task ':path_provider_android:generateDebugResources', task ':path_provider_android:packageDebugResources', task ':permission_handler_android:generateDebugResValues', task ':permission_handler_android:generateDebugResources', task ':permission_handler_android:packageDebugResources', task ':app:mapDebugSourceSetPaths', task ':app:generateDebugResources', task ':app:mergeDebugResources', task ':app:packageDebugResources', task ':app:parseDebugLocalResources', task ':app:createDebugCompatibleScreenManifests', task ':app:extractDeepLinksDebug', task ':flutter_blue_plus_android:extractDeepLinksDebug', task ':flutter_blue_plus_android:processDebugManifest', task ':path_provider_android:extractDeepLinksDebug', task ':path_provider_android:processDebugManifest', task ':permission_handler_android:extractDeepLinksDebug', task ':permission_handler_android:processDebugManifest', task ':app:processDebugMainManifest', task ':app:outputDebugAppLinkSettings', task ':app:processDebugManifest', task ':app:processDebugManifestForPackage', task ':flutter_blue_plus_android:compileDebugLibraryResources', task ':flutter_blue_plus_android:parseDebugLocalResources', task ':flutter_blue_plus_android:generateDebugRFile', task ':path_provider_android:compileDebugLibraryResources', task ':path_provider_android:parseDebugLocalResources', task ':path_provider_android:generateDebugRFile', task ':permission_handler_android:compileDebugLibraryResources', task ':permission_handler_android:parseDebugLocalResources', task ':permission_handler_android:generateDebugRFile', task ':app:processDebugResources', task ':flutter_blue_plus_android:javaPreCompileDebug', task ':flutter_blue_plus_android:compileDebugJavaWithJavac', task ':flutter_blue_plus_android:bundleLibCompileToJarDebug', task ':path_provider_android:javaPreCompileDebug', task ':path_provider_android:compileDebugJavaWithJavac', task ':path_provider_android:bundleLibCompileToJarDebug', task ':permission_handler_android:javaPreCompileDebug', task ':permission_handler_android:compileDebugJavaWithJavac', task ':permission_handler_android:bundleLibCompileToJarDebug', task ':app:compileDebugKotlin', task ':app:javaPreCompileDebug', task ':app:compileDebugJavaWithJavac', task ':app:compressDebugAssets', task ':flutter_blue_plus_android:bundleLibRuntimeToJarDebug', task ':path_provider_android:bundleLibRuntimeToJarDebug', task ':permission_handler_android:bundleLibRuntimeToJarDebug', task ':app:desugarDebugFileDependencies', task ':app:dexBuilderDebug', task ':app:mergeDebugGlobalSynthetics', task ':app:processDebugJavaRes', task ':flutter_blue_plus_android:processDebugJavaRes', task ':path_provider_android:processDebugJavaRes', task ':permission_handler_android:processDebugJavaRes', task ':app:mergeDebugJavaResource', task ':app:checkDebugDuplicateClasses', task ':app:mergeExtDexDebug', task ':flutter_blue_plus_android:bundleLibRuntimeToDirDebug', task ':path_provider_android:bundleLibRuntimeToDirDebug', task ':permission_handler_android:bundleLibRuntimeToDirDebug', task ':app:mergeLibDexDebug', task ':app:mergeProjectDexDebug', task ':app:configureCMakeDebug[arm64-v8a]', task ':app:buildCMakeDebug[arm64-v8a]', task ':app:configureCMakeDebug[armeabi-v7a]', task ':app:buildCMakeDebug[armeabi-v7a]', task ':app:configureCMakeDebug[x86_64]', task ':app:buildCMakeDebug[x86_64]', task ':app:mergeDebugJniLibFolders', task ':flutter_blue_plus_android:mergeDebugJniLibFolders', task ':flutter_blue_plus_android:mergeDebugNativeLibs', task ':flutter_blue_plus_android:copyDebugJniLibsProjectOnly', task ':path_provider_android:mergeDebugJniLibFolders', task ':path_provider_android:mergeDebugNativeLibs', task ':path_provider_android:copyDebugJniLibsProjectOnly', task ':permission_handler_android:mergeDebugJniLibFolders', task ':permission_handler_android:mergeDebugNativeLibs', task ':permission_handler_android:copyDebugJniLibsProjectOnly', task ':app:mergeDebugNativeLibs', task ':app:stripDebugDebugSymbols', task ':app:validateSigningDebug', task ':app:writeDebugAppMetadata', task ':app:writeDebugSigningConfigVersions', task ':app:packageDebug', task ':app:createDebugApkListingFileRedirect', task ':app:assembleDebug', task ':flutter_blue_plus_android:stripDebugDebugSymbols', task ':flutter_blue_plus_android:copyDebugJniLibsProjectAndLocalJars', task ':flutter_blue_plus_android:extractDebugAnnotations', task ':flutter_blue_plus_android:extractDeepLinksForAarDebug', task ':flutter_blue_plus_android:mergeDebugGeneratedProguardFiles', task ':flutter_blue_plus_android:mergeDebugConsumerProguardFiles', task ':flutter_blue_plus_android:prepareDebugArtProfile', task ':flutter_blue_plus_android:prepareLintJarForPublish', task ':flutter_blue_plus_android:mergeDebugJavaResource', task ':flutter_blue_plus_android:syncDebugLibJars', task ':flutter_blue_plus_android:bundleDebugAar', task ':flutter_blue_plus_android:assembleDebug', task ':path_provider_android:stripDebugDebugSymbols', task ':path_provider_android:copyDebugJniLibsProjectAndLocalJars', task ':path_provider_android:extractDebugAnnotations', task ':path_provider_android:extractDeepLinksForAarDebug', task ':path_provider_android:mergeDebugGeneratedProguardFiles', task ':path_provider_android:mergeDebugConsumerProguardFiles', task ':path_provider_android:prepareDebugArtProfile', task ':path_provider_android:prepareLintJarForPublish', task ':path_provider_android:mergeDebugJavaResource', task ':path_provider_android:syncDebugLibJars', task ':path_provider_android:bundleDebugAar', task ':path_provider_android:assembleDebug', task ':permission_handler_android:stripDebugDebugSymbols', task ':permission_handler_android:copyDebugJniLibsProjectAndLocalJars', task ':permission_handler_android:extractDebugAnnotations', task ':permission_handler_android:extractDeepLinksForAarDebug', task ':permission_handler_android:mergeDebugGeneratedProguardFiles', task ':permission_handler_android:mergeDebugConsumerProguardFiles', task ':permission_handler_android:prepareDebugArtProfile', task ':permission_handler_android:prepareLintJarForPublish', task ':permission_handler_android:mergeDebugJavaResource', task ':permission_handler_android:syncDebugLibJars', task ':permission_handler_android:bundleDebugAar', task ':permission_handler_android:assembleDebug']
[   +1 ms] Tasks that were excluded: []
[        ] work action Parameters of IdentityTransform (Thread[#586,Execution worker Thread 9,5,main]) started.
[        ] work action Parameters of DexingNoClasspathTransform (Thread[#586,Execution worker Thread 9,5,main]) started.
[        ] work action Parameters of DexingOutputSplitTransform (Thread[#586,Execution worker Thread 9,5,main]) started.
[        ] work action Parameters of ClassesDirToClassesTransform (Thread[#586,Execution worker Thread 9,5,main]) started.
[        ] work action Parameters of DexingOutputSplitTransform (Thread[#586,Execution worker Thread 9,5,main]) started.
[        ] Resolve mutations for :app:DebugMinSdkCheck (Thread[#588,Execution worker Thread 11,5,main]) started.
[        ] :app:DebugMinSdkCheck (Thread[#588,Execution worker Thread 11,5,main]) started.
[        ] > Task :app:DebugMinSdkCheck
[        ] Caching disabled for task ':app:DebugMinSdkCheck' because:
[        ]   Build cache is disabled
[        ] Task ':app:DebugMinSdkCheck' is not up-to-date because:
[        ]   Task has not declared any outputs despite executing actions.
[        ] Resolve mutations for :app:preBuild (Thread[#588,Execution worker Thread 11,5,main]) started.
[        ] :app:preBuild (Thread[#579,Execution worker Thread 2,5,main]) started.
[        ] > Task :app:preBuild UP-TO-DATE
[        ] Skipping task ':app:preBuild' as it has no actions.
[        ] Resolve mutations for :app:preDebugBuild (Thread[#579,Execution worker Thread 2,5,main]) started.
[        ] :app:preDebugBuild (Thread[#579,Execution worker Thread 2,5,main]) started.
[        ] > Task :app:preDebugBuild UP-TO-DATE
[        ] Skipping task ':app:preDebugBuild' as it has no actions.
[        ] Resolve mutations for :app:mergeDebugNativeDebugMetadata (Thread[#579,Execution worker Thread 2,5,main]) started.
[        ] :app:mergeDebugNativeDebugMetadata (Thread[#579,Execution worker Thread 2,5,main]) started.
[        ] > Task :app:mergeDebugNativeDebugMetadata NO-SOURCE
[        ] Skipping task ':app:mergeDebugNativeDebugMetadata' as it has no source files and no previous output files.
[        ] Resolve mutations for :app:checkKotlinGradlePluginConfigurationErrors (Thread[#579,Execution worker Thread 2,5,main]) started.
[        ] :app:checkKotlinGradlePluginConfigurationErrors (Thread[#579,Execution worker Thread 2,5,main]) started.
[        ] > Task :app:checkKotlinGradlePluginConfigurationErrors SKIPPED
[        ] Skipping task ':app:checkKotlinGradlePluginConfigurationErrors' as task onlyIf 'errorDiagnostics are present' is false.
[        ] Resolve mutations for :app:compileFlutterBuildDebug (Thread[#579,Execution worker Thread 2,5,main]) started.
[        ] :app:compileFlutterBuildDebug (Thread[#579,Execution worker Thread 2,5,main]) started.
[+1976 ms] > Task :app:compileFlutterBuildDebug
[        ] Caching disabled for task ':app:compileFlutterBuildDebug' because:
[        ]   Build cache is disabled
[        ]   Caching has not been enabled for the task
[        ] Task ':app:compileFlutterBuildDebug' is not up-to-date because:
[        ]   Task has failed previously.
[        ] Starting process 'command 'C:\Flutter\flutter\bin\flutter.bat''. Working directory: C:\esp\ESP32-S3\FlutterApp\LifeLink\life_link Command: C:\Flutter\flutter\bin\flutter.bat --verbose assemble --no-version-check --depfile C:\esp\ESP32-S3\FlutterApp\LifeLink\life_link\build\app\intermediates\flutter\debug/flutter_build.d --output C:\esp\ESP32-S3\FlutterApp\LifeLink\life_link\build\app\intermediates\flutter\debug -dTargetFile=C:\esp\ESP32-S3\FlutterApp\LifeLink\life_link\lib\main.dart -dTargetPlatform=android -dBuildMode=debug -dTrackWidgetCreation=true --DartDefines=RkxVVFRFUl9WRVJTSU9OPTMuMzguNw==,RkxVVFRFUl9DSEFOTkVMPXN0YWJsZQ==,RkxVVFRFUl9HSVRfVVJMPWh0dHBzOi8vZ2l0aHViLmNvbS9mbHV0dGVyL2ZsdXR0ZXIuZ2l0,RkxVVFRFUl9GUkFNRVdPUktfUkVWSVNJT049M2I2MmVmYzJhMw==,RkxVVFRFUl9FTkdJTkVfUkVWSVNJT049NzhmYzMwMTJlNA==,RkxVVFRFUl9EQVJUX1ZFUlNJT049My4xMC43 -dFlavor= -dAndroidArchs=android-arm64 -dMinSdkVersion=24 debug_android_application
[        ] Successfully started process 'command 'C:\Flutter\flutter\bin\flutter.bat''
[        ] [ +173 ms] Artifact Instance of 'MaterialFonts' is not required, skipping update.
[        ] [        ] Artifact Instance of 'GradleWrapper' is not required, skipping update.
[        ] [        ] Artifact Instance of 'AndroidGenSnapshotArtifacts' is not required, skipping update.
[        ] [        ] Artifact Instance of 'AndroidInternalBuildArtifacts' is not required, skipping update.
[        ] [        ] Artifact Instance of 'IOSEngineArtifacts' is not required, skipping update.
[        ] [        ] Artifact Instance of 'FlutterWebSdk' is not required, skipping update.
[        ] [   +1 ms] Artifact Instance of 'LegacyCanvasKitRemover' is not required, skipping update.
[        ] [        ] Artifact Instance of 'FlutterSdk' is not required, skipping update.
[        ] [        ] Artifact Instance of 'WindowsEngineArtifacts' is not required, skipping update.
[        ] [        ] Artifact Instance of 'MacOSEngineArtifacts' is not required, skipping update.
[        ] [        ] Artifact Instance of 'LinuxEngineArtifacts' is not required, skipping update.
[        ] [        ] Artifact Instance of 'LinuxFuchsiaSDKArtifacts' is not required, skipping update.
[        ] [        ] Artifact Instance of 'MacOSFuchsiaSDKArtifacts' is not required, skipping update.
[        ] [        ] Artifact Instance of 'FlutterRunnerSDKArtifacts' is not required, skipping update.
[        ] [        ] Artifact Instance of 'FlutterRunnerDebugSymbols' is not required, skipping update.
[        ] [        ] Artifact Instance of 'IosUsbArtifacts' is not required, skipping update.
[        ] [        ] Artifact Instance of 'IosUsbArtifacts' is not required, skipping update.
[        ] [        ] Artifact Instance of 'IosUsbArtifacts' is not required, skipping update.
[        ] [        ] Artifact Instance of 'IosUsbArtifacts' is not required, skipping update.
[        ] [        ] Artifact Instance of 'IosUsbArtifacts' is not required, skipping update.
[        ] [        ] Artifact Instance of 'IosUsbArtifacts' is not required, skipping update.
[        ] [        ] Artifact Instance of 'FontSubsetArtifacts' is not required, skipping update.
[        ] [        ] Artifact Instance of 'PubDependencies' is not required, skipping update.
[        ] [  +16 ms] Artifact Instance of 'AndroidGenSnapshotArtifacts' is not required, skipping update.
[        ] [        ] Artifact Instance of 'AndroidInternalBuildArtifacts' is not required, skipping update.
[        ] [        ] Artifact Instance of 'IOSEngineArtifacts' is not required, skipping update.
[        ] [        ] Artifact Instance of 'FlutterWebSdk' is not required, skipping update.
[        ] [        ] Artifact Instance of 'FlutterEngineStamp' is not required, skipping update.
[        ] [        ] Artifact Instance of 'LegacyCanvasKitRemover' is not required, skipping update.
[        ] [   +4 ms] Artifact Instance of 'WindowsEngineArtifacts' is not required, skipping update.
[        ] [        ] Artifact Instance of 'MacOSEngineArtifacts' is not required, skipping update.
[        ] [        ] Artifact Instance of 'LinuxEngineArtifacts' is not required, skipping update.
[        ] [        ] Artifact Instance of 'LinuxFuchsiaSDKArtifacts' is not required, skipping update.
[        ] [        ] Artifact Instance of 'MacOSFuchsiaSDKArtifacts' is not required, skipping update.
[        ] [        ] Artifact Instance of 'FlutterRunnerSDKArtifacts' is not required, skipping update.
[        ] [        ] Artifact Instance of 'FlutterRunnerDebugSymbols' is not required, skipping update.
[        ] [  +67 ms] Artifact Instance of 'MaterialFonts' is not required, skipping update.
[        ] [        ] Artifact Instance of 'GradleWrapper' is not required, skipping update.
[        ] [   +2 ms] Artifact Instance of 'AndroidInternalBuildArtifacts' is not required, skipping update.
[        ] [        ] Artifact Instance of 'IOSEngineArtifacts' is not required, skipping update.
[        ] [        ] Artifact Instance of 'FlutterWebSdk' is not required, skipping update.
[        ] [        ] Artifact Instance of 'FlutterEngineStamp' is not required, skipping update.
[        ] [        ] Artifact Instance of 'LegacyCanvasKitRemover' is not required, skipping update.
[        ] [        ] Artifact Instance of 'FlutterSdk' is not required, skipping update.
[        ] [        ] Artifact Instance of 'WindowsEngineArtifacts' is not required, skipping update.
[        ] [        ] Artifact Instance of 'MacOSEngineArtifacts' is not required, skipping update.
[        ] [        ] Artifact Instance of 'LinuxEngineArtifacts' is not required, skipping update.
[        ] [        ] Artifact Instance of 'LinuxFuchsiaSDKArtifacts' is not required, skipping update.
[        ] [        ] Artifact Instance of 'MacOSFuchsiaSDKArtifacts' is not required, skipping update.
[        ] [        ] Artifact Instance of 'FlutterRunnerSDKArtifacts' is not required, skipping update.
[        ] [        ] Artifact Instance of 'FlutterRunnerDebugSymbols' is not required, skipping update.
[        ] [        ] Artifact Instance of 'IosUsbArtifacts' is not required, skipping update.
[        ] [        ] Artifact Instance of 'IosUsbArtifacts' is not required, skipping update.
[        ] [        ] Artifact Instance of 'IosUsbArtifacts' is not required, skipping update.
[        ] [        ] Artifact Instance of 'IosUsbArtifacts' is not required, skipping update.
[        ] [        ] Artifact Instance of 'IosUsbArtifacts' is not required, skipping update.
[        ] [        ] Artifact Instance of 'IosUsbArtifacts' is not required, skipping update.
[        ] [        ] Artifact Instance of 'FontSubsetArtifacts' is not required, skipping update.
[        ] [        ] Artifact Instance of 'PubDependencies' is not required, skipping update.
[        ] [  +34 ms] Initializing file store
[        ] [  +20 ms] Done initializing file store
[        ] [  +58 ms] Skipping target: dart_build
[        ] [   +2 ms] Skipping target: gen_dart_plugin_registrant
[        ] [        ] Skipping target: install_code_assets
[        ] [        ] Skipping target: gen_localizations
[ +387 ms] [ +612 ms] kernel_snapshot_program: Starting due to {InvalidatedReasonKind.outputSetAddition: The following outputs were added to the output set: C:\esp\ESP32-S3\FlutterApp\LifeLink\life_link\.dart_tool\flutter_build\eaa97cf440a1292d0b192a558cd2856e\app.dill}
[   +1 ms] [  +11 ms] C:\Flutter\flutter\bin\cache\dart-sdk\bin\dartaotruntime.exe C:\Flutter\flutter\bin\cache\dart-sdk\bin\snapshots\frontend_server_aot.dart.snapshot --sdk-root C:\Flutter\flutter\bin\cache\artifacts\engine\common\flutter_patched_sdk/ --target=flutter --no-print-incremental-dependencies -DFLUTTER_VERSION=3.38.7 -DFLUTTER_CHANNEL=stable -DFLUTTER_GIT_URL=https://github.com/flutter/flutter.git -DFLUTTER_FRAMEWORK_REVISION=3b62efc2a3 -DFLUTTER_ENGINE_REVISION=78fc3012e4 -DFLUTTER_DART_VERSION=3.10.7 -DFLUTTER_APP_FLAVOR= -Ddart.vm.profile=false -Ddart.vm.product=false --enable-asserts --track-widget-creation --no-link-platform --packages C:\esp\ESP32-S3\FlutterApp\LifeLink\life_link\.dart_tool\package_config.json --output-dill C:\esp\ESP32-S3\FlutterApp\LifeLink\life_link\.dart_tool\flutter_build\eaa97cf440a1292d0b192a558cd2856e\app.dill --depfile C:\esp\ESP32-S3\FlutterApp\LifeLink\life_link\.dart_tool\flutter_build\eaa97cf440a1292d0b192a558cd2856e\kernel_snapshot_program.d --incremental --initialize-from-dill C:\esp\ESP32-S3\FlutterApp\LifeLink\life_link\.dart_tool\flutter_build\eaa97cf440a1292d0b192a558cd2856e\app.dill --source file:///C:/esp/ESP32-S3/FlutterApp/LifeLink/life_link/.dart_tool/flutter_build/dart_plugin_registrant.dart --source package:flutter/src/dart_plugin_registrant.dart -Dflutter.dart_plugin_registrant=file:///C:/esp/ESP32-S3/FlutterApp/LifeLink/life_link/.dart_tool/flutter_build/dart_plugin_registrant.dart --verbosity=error package:life_link/main.dart
flutter : [+1399 ms] [+1458 ms] lib/s
creens/dashboard_screen.dart:86:36: E
rror: Member not found: 'GoogleFonts.
chapeau'.
At line:1 char:1
+ flutter run -v -d a811ca50 > build_
debug.log 2>&1
+ ~~~~~~~~~~~~~~~~~~~~~~~~~~~~~~~~~~~
~~~~~~~~~~~~~~
    + CategoryInfo          : NotSpe 
   cified: ([+1399 ms] [+14...Fonts  
  .chapeau'.:String) [], RemoteExc   
 eption
    + FullyQualifiedErrorId : Native 
   CommandError
 
[   +1 ms] [   +1 ms]                
 style: GoogleFonts.chapeau(
[        ] [        ]                
                    ^^^^^^^
[ +398 ms] [ +336 ms] Persisting file store
[        ] [  +14 ms] Done persisting file store
[        ] [   +2 ms] Target kernel_s
napshot_program failed: Exception
[        ]            #0      KernelS
napshot.build (package:flutter_tools/
src/build_system/targets/common.dart:
289:7)
[        ]            <asynchronous s
uspension>
[        ]            #1      _BuildI
nstance._invokeInternal (package:flut
ter_tools/src/build_system/build_syst
em.dart:895:9)
[        ]            <asynchronous s
uspension>
[        ]            #2      Future.
wait.<anonymous closure> (dart:async/
future.dart:546:21)
[        ]            <asynchronous s
uspension>
[        ]            #3      _BuildI
nstance.invokeTarget (package:flutter
_tools/src/build_system/build_system.
dart:833:32)
[        ]            <asynchronous s
uspension>
[        ]            #4      Flutter
BuildSystem.build (package:flutter_to
ols/src/build_system/build_system.dar
t:653:16)
[        ]            <asynchronous s
uspension>
[        ]            #5      Assembl
eCommand.runCommand (package:flutter_
tools/src/commands/assemble.dart:361:
32)
[        ]            <asynchronous s
uspension>
[        ]            #6      Flutter
Command.run.<anonymous closure> (pack
age:flutter_tools/src/runner/flutter_
command.dart:1559:27)
[        ]            <asynchronous s
uspension>
[        ]            #7      AppCont
ext.run.<anonymous closure> (package:
flutter_tools/src/base/context.dart:1
54:19)
[        ]            <asynchronous s
uspension>
[        ]            #8      Command
Runner.runCommand (package:args/comma
nd_runner.dart:212:13)
[        ]            <asynchronous s
uspension>
[        ]            #9      Flutter
CommandRunner.runCommand.<anonymous c
losure> (package:flutter_tools/src/ru
nner/flutter_command_runner.dart:487:
9)
[        ]            <asynchronous s
uspension>
[        ]            #10     AppCont
ext.run.<anonymous closure> (package:
flutter_tools/src/base/context.dart:1
54:19)
[        ]            <asynchronous s
uspension>
[        ]            #11     Flutter
CommandRunner.runCommand (package:flu
tter_tools/src/runner/flutter_command
_runner.dart:422:5)
[        ]            <asynchronous s
uspension>
[        ]            #12     run.<an
onymous closure>.<anonymous closure> 
(package:flutter_tools/runner.dart:10
4:11)
[        ]            <asynchronous s
uspension>
[        ]            #13     AppCont
ext.run.<anonymous closure> (package:
flutter_tools/src/base/context.dart:1
54:19)
[        ]            <asynchronous s
uspension>
[        ]            #14     main (p
ackage:flutter_tools/executable.dart:
103:3)
[        ]            <asynchronous s
uspension>
[        ] [   +1 ms] "flutter assemble" took 2.647ms.
[  +89 ms] [  +78 ms] 
[        ]            #0      throwTo
olExit (package:flutter_tools/src/bas
e/common.dart:34:3)
[        ]            #1      Assembl
eCommand.runCommand (package:flutter_
tools/src/commands/assemble.dart:379:
7)
[        ]            <asynchronous s
uspension>
[        ]            #2      Flutter
Command.run.<anonymous closure> (pack
age:flutter_tools/src/runner/flutter_
command.dart:1559:27)
[        ]            <asynchronous s
uspension>
[        ] [        ] Running 1 shutdown hook
[        ]            #3      AppCont
ext.run.<anonymous closure> (package:
flutter_tools/src/base/context.dart:1
54:19)
[        ]            <asynchronous s
uspension>
[        ]            #4      Command
Runner.runCommand (package:args/comma
nd_runner.dart:212:13)
[        ]            <asynchronous s
uspension>
[        ]            #5      Flutter
CommandRunner.runCommand.<anonymous c
losure> (package:flutter_tools/src/ru
nner/flutter_command_runner.dart:487:
9)
[        ]            <asynchronous s
uspension>
[        ] [   +1 ms] Shutdown hooks complete
[        ]            #6      AppCont
ext.run.<anonymous closure> (package:
flutter_tools/src/base/context.dart:1
54:19)
[        ]            <asynchronous s
uspension>
[        ]            #7      Flutter
CommandRunner.runCommand (package:flu
tter_tools/src/runner/flutter_command
_runner.dart:422:5)
[        ]            <asynchronous s
uspension>
[        ]            #8      run.<an
onymous closure>.<anonymous closure> 
(package:flutter_tools/runner.dart:10
4:11)
[        ]            <asynchronous s
uspension>
[        ]            #9      AppCont
ext.run.<anonymous closure> (package:
flutter_tools/src/base/context.dart:1
54:19)
[        ]            <asynchronous s
uspension>
[        ]            #10     main (p
ackage:flutter_tools/executable.dart:
103:3)
[        ]            <asynchronous s
uspension>
[  +88 ms] [ +100 ms] exiting with code 1
[   +1 ms] > Task :app:compileFlutterBuildDebug FAILED
[   +1 ms] Build 4e901e40-01f5-4a46-bf14-a240ffb06a5d is closed
[        ] [Incubating] Problems report is available at: file:///C:/esp/ESP32-S3/FlutterApp/LifeLink/life_link/build/reports/problems/problems-report.html
[   +1 ms] FAILURE: Build failed with
 an exception.
[        ] * What went wrong:
[        ] Execution failed for task 
':app:compileFlutterBuildDebug'.
[        ] > Process 'command 'C:\Flu
tter\flutter\bin\flutter.bat'' finish
ed with non-zero exit value 1
[        ] * Try:
[        ] > Run with --debug option 
to get more log output.
[        ] > Run with --scan to get f
ull insights.
[        ] > Get more help at https:/
/help.gradle.org.
[        ] * Exception is:
[        ] org.gradle.api.tasks.TaskE
xecutionException: Execution failed f
or task ':app:compileFlutterBuildDebu
g'.
[        ] 	at org.gradle.api.interna
l.tasks.execution.ExecuteActionsTaskE
xecuter.lambda$executeIfValid$1(Execu
teActionsTaskExecuter.java:130)
[        ] 	at org.gradle.internal.Tr
y$Failure.ifSuccessfulOrElse(Try.java
:293)
[        ] 	at org.gradle.api.interna
l.tasks.execution.ExecuteActionsTaskE
xecuter.executeIfValid(ExecuteActions
TaskExecuter.java:128)
[        ] 	at org.gradle.api.interna
l.tasks.execution.ExecuteActionsTaskE
xecuter.execute(ExecuteActionsTaskExe
cuter.java:116)
[        ] 	at org.gradle.api.interna
l.tasks.execution.ProblemsTaskPathTra
ckingTaskExecuter.execute(ProblemsTas
kPathTrackingTaskExecuter.java:41)
[        ] 	at org.gradle.api.interna
l.tasks.execution.FinalizePropertiesT
askExecuter.execute(FinalizePropertie
sTaskExecuter.java:46)
[        ] 	at org.gradle.api.interna
l.tasks.execution.ResolveTaskExecutio
nModeExecuter.execute(ResolveTaskExec
utionModeExecuter.java:51)
[        ] 	at org.gradle.api.interna
l.tasks.execution.SkipTaskWithNoActio
nsExecuter.execute(SkipTaskWithNoActi
onsExecuter.java:57)
[        ] 	at org.gradle.api.interna
l.tasks.execution.SkipOnlyIfTaskExecu
ter.execute(SkipOnlyIfTaskExecuter.ja
va:74)
[        ] 	at org.gradle.api.interna
l.tasks.execution.CatchExceptionTaskE
xecuter.execute(CatchExceptionTaskExe
cuter.java:36)
[        ] 	at org.gradle.api.interna
l.tasks.execution.EventFiringTaskExec
uter$1.executeTask(EventFiringTaskExe
cuter.java:77)
[        ] 	at org.gradle.api.interna
l.tasks.execution.EventFiringTaskExec
uter$1.call(EventFiringTaskExecuter.j
ava:55)
[        ] 	at org.gradle.api.interna
l.tasks.execution.EventFiringTaskExec
uter$1.call(EventFiringTaskExecuter.j
ava:52)
[        ] 	at org.gradle.internal.op
erations.DefaultBuildOperationRunner$
CallableBuildOperationWorker.execute(
DefaultBuildOperationRunner.java:210)
[        ] 	at org.gradle.internal.op
erations.DefaultBuildOperationRunner$
CallableBuildOperationWorker.execute(
DefaultBuildOperationRunner.java:205)
[        ] 	at org.gradle.internal.op
erations.DefaultBuildOperationRunner$
2.execute(DefaultBuildOperationRunner
.java:67)
[        ] 	at org.gradle.internal.op
erations.DefaultBuildOperationRunner$
2.execute(DefaultBuildOperationRunner
.java:60)
[        ] 	at org.gradle.internal.op
erations.DefaultBuildOperationRunner.
execute(DefaultBuildOperationRunner.j
ava:167)
[        ] 	at org.gradle.internal.op
erations.DefaultBuildOperationRunner.
execute(DefaultBuildOperationRunner.j
ava:60)
[        ] 	at org.gradle.internal.op
erations.DefaultBuildOperationRunner.
call(DefaultBuildOperationRunner.java
:54)
[        ] 	at org.gradle.api.interna
l.tasks.execution.EventFiringTaskExec
uter.execute(EventFiringTaskExecuter.
java:52)
[        ] 	at org.gradle.execution.p
lan.LocalTaskNodeExecutor.execute(Loc
alTaskNodeExecutor.java:42)
[        ] 	at org.gradle.execution.t
askgraph.DefaultTaskExecutionGraph$In
vokeNodeExecutorsAction.execute(Defau
ltTaskExecutionGraph.java:331)
[        ] 	at org.gradle.execution.t
askgraph.DefaultTaskExecutionGraph$In
vokeNodeExecutorsAction.execute(Defau
ltTaskExecutionGraph.java:318)
[        ] 	at org.gradle.execution.t
askgraph.DefaultTaskExecutionGraph$Bu
ildOperationAwareExecutionAction.lamb
da$execute$0(DefaultTaskExecutionGrap
h.java:314)
[        ] 	at org.gradle.internal.op
erations.CurrentBuildOperationRef.wit
h(CurrentBuildOperationRef.java:85)
[        ] 	at org.gradle.execution.t
askgraph.DefaultTaskExecutionGraph$Bu
ildOperationAwareExecutionAction.exec
ute(DefaultTaskExecutionGraph.java:31
4)
[        ] 	at org.gradle.execution.t
askgraph.DefaultTaskExecutionGraph$Bu
ildOperationAwareExecutionAction.exec
ute(DefaultTaskExecutionGraph.java:30
3)
[        ] 	at org.gradle.execution.p
lan.DefaultPlanExecutor$ExecutorWorke
r.execute(DefaultPlanExecutor.java:45
9)
[        ] 	at org.gradle.execution.p
lan.DefaultPlanExecutor$ExecutorWorke
r.run(DefaultPlanExecutor.java:376)
[        ] 	at org.gradle.internal.co
ncurrent.ExecutorPolicy$CatchAndRecor
dFailures.onExecute(ExecutorPolicy.ja
va:64)
[        ] 	at org.gradle.internal.co
ncurrent.AbstractManagedExecutor$1.ru
n(AbstractManagedExecutor.java:48)
[        ] 	at java.base/java.util.co
ncurrent.ThreadPoolExecutor.runWorker
(Unknown Source)
[        ] 	at java.base/java.util.co
ncurrent.ThreadPoolExecutor$Worker.ru
n(Unknown Source)
[        ] 	at java.base/java.lang.Th
read.run(Unknown Source)
[        ] Caused by: org.gradle.proc
ess.internal.ExecException: Process '
command 'C:\Flutter\flutter\bin\flutt
er.bat'' finished with non-zero exit 
value 1
[        ] 	at org.gradle.process.int
ernal.DefaultExecHandle$ExecResultImp
l.assertNormalExitValue(DefaultExecHa
ndle.java:442)
[        ] 	at org.gradle.process.int
ernal.DefaultExecAction.execute(Defau
ltExecAction.java:49)
[        ] 	at org.gradle.process.int
ernal.DefaultExecActionFactory.exec(D
efaultExecActionFactory.java:216)
[        ] 	at org.gradle.process.int
ernal.DefaultExecOperations.exec(Defa
ultExecOperations.java:37)
[        ] 	at com.flutter.gradle.tas
ks.BaseFlutterTaskHelper.buildBundle(
BaseFlutterTaskHelper.kt:159)
[        ] 	at com.flutter.gradle.tas
ks.BaseFlutterTask.buildBundle(BaseFl
utterTask.kt:143)
[        ] 	at com.flutter.gradle.tas
ks.FlutterTaskHelper.build$gradle(Flu
tterTaskHelper.kt:90)
[        ] 	at com.flutter.gradle.tas
ks.FlutterTask.build(FlutterTask.kt:5
1)
[        ] 	at java.base/jdk.internal
.reflect.DirectMethodHandleAccessor.i
nvoke(Unknown Source)
[        ] 	at java.base/java.lang.re
flect.Method.invoke(Unknown Source)
[        ] 	at org.gradle.internal.re
flect.JavaMethod.invoke(JavaMethod.ja
va:125)
[        ] 	at org.gradle.api.interna
l.project.taskfactory.StandardTaskAct
ion.doExecute(StandardTaskAction.java
:58)
[        ] 	at org.gradle.api.interna
l.project.taskfactory.StandardTaskAct
ion.execute(StandardTaskAction.java:5
1)
[        ] 	at org.gradle.api.interna
l.project.taskfactory.StandardTaskAct
ion.execute(StandardTaskAction.java:2
9)
[        ] 	at org.gradle.api.interna
l.tasks.execution.TaskExecution$3.run
(TaskExecution.java:244)
[        ] 	at org.gradle.internal.op
erations.DefaultBuildOperationRunner$
1.execute(DefaultBuildOperationRunner
.java:30)
[        ] 	at org.gradle.internal.op
erations.DefaultBuildOperationRunner$
1.execute(DefaultBuildOperationRunner
.java:27)
[        ] 	at org.gradle.internal.op
erations.DefaultBuildOperationRunner$
2.execute(DefaultBuildOperationRunner
.java:67)
[        ] 	at org.gradle.internal.op
erations.DefaultBuildOperationRunner$
2.execute(DefaultBuildOperationRunner
.java:60)
[        ] 	at org.gradle.internal.op
erations.DefaultBuildOperationRunner.
execute(DefaultBuildOperationRunner.j
ava:167)
[        ] 	at org.gradle.internal.op
erations.DefaultBuildOperationRunner.
execute(DefaultBuildOperationRunner.j
ava:60)
[        ] 	at org.gradle.internal.op
erations.DefaultBuildOperationRunner.
run(DefaultBuildOperationRunner.java:
48)
[        ] 	at org.gradle.api.interna
l.tasks.execution.TaskExecution.execu
teAction(TaskExecution.java:229)
[        ] 	at org.gradle.api.interna
l.tasks.execution.TaskExecution.execu
teActions(TaskExecution.java:212)
[        ] 	at org.gradle.api.interna
l.tasks.execution.TaskExecution.execu
teWithPreviousOutputFiles(TaskExecuti
on.java:195)
[        ] 	at org.gradle.api.interna
l.tasks.execution.TaskExecution.execu
te(TaskExecution.java:162)
[        ] 	at org.gradle.internal.ex
ecution.steps.ExecuteStep.executeInte
rnal(ExecuteStep.java:105)
[        ] 	at org.gradle.internal.ex
ecution.steps.ExecuteStep.access$000(
ExecuteStep.java:44)
[        ] 	at org.gradle.internal.ex
ecution.steps.ExecuteStep$1.call(Exec
uteStep.java:59)
[        ] 	at org.gradle.internal.ex
ecution.steps.ExecuteStep$1.call(Exec
uteStep.java:56)
[        ] 	at org.gradle.internal.op
erations.DefaultBuildOperationRunner$
CallableBuildOperationWorker.execute(
DefaultBuildOperationRunner.java:210)
[        ] 	at org.gradle.internal.op
erations.DefaultBuildOperationRunner$
CallableBuildOperationWorker.execute(
DefaultBuildOperationRunner.java:205)
[        ] 	at org.gradle.internal.op
erations.DefaultBuildOperationRunner$
2.execute(DefaultBuildOperationRunner
.java:67)
[        ] 	at org.gradle.internal.op
erations.DefaultBuildOperationRunner$
2.execute(DefaultBuildOperationRunner
.java:60)
[        ] 	at org.gradle.internal.op
erations.DefaultBuildOperationRunner.
execute(DefaultBuildOperationRunner.j
ava:167)
[        ] 	at org.gradle.internal.op
erations.DefaultBuildOperationRunner.
execute(DefaultBuildOperationRunner.j
ava:60)
[        ] 	at org.gradle.internal.op
erations.DefaultBuildOperationRunner.
call(DefaultBuildOperationRunner.java
:54)
[        ] 	at org.gradle.internal.ex
ecution.steps.ExecuteStep.execute(Exe
cuteStep.java:56)
[        ] 	at org.gradle.internal.ex
ecution.steps.ExecuteStep.execute(Exe
cuteStep.java:44)
[        ] 	at org.gradle.internal.ex
ecution.steps.CancelExecutionStep.exe
cute(CancelExecutionStep.java:42)
[        ] 	at org.gradle.internal.ex
ecution.steps.TimeoutStep.executeWith
outTimeout(TimeoutStep.java:75)
[        ] 	at org.gradle.internal.ex
ecution.steps.TimeoutStep.execute(Tim
eoutStep.java:55)
[        ] 	at org.gradle.internal.ex
ecution.steps.PreCreateOutputParentsS
tep.execute(PreCreateOutputParentsSte
p.java:50)
[        ] 	at org.gradle.internal.ex
ecution.steps.PreCreateOutputParentsS
tep.execute(PreCreateOutputParentsSte
p.java:28)
[        ] 	at org.gradle.internal.ex
ecution.steps.RemovePreviousOutputsSt
ep.execute(RemovePreviousOutputsStep.
java:67)
[        ] 	at org.gradle.internal.ex
ecution.steps.RemovePreviousOutputsSt
ep.execute(RemovePreviousOutputsStep.
java:37)
[        ] 	at org.gradle.internal.ex
ecution.steps.BroadcastChangingOutput
sStep.execute(BroadcastChangingOutput
sStep.java:61)
[        ] 	at org.gradle.internal.ex
ecution.steps.BroadcastChangingOutput
sStep.execute(BroadcastChangingOutput
sStep.java:26)
[        ] 	at org.gradle.internal.ex
ecution.steps.CaptureOutputsAfterExec
utionStep.execute(CaptureOutputsAfter
ExecutionStep.java:69)
[        ] 	at org.gradle.internal.ex
ecution.steps.CaptureOutputsAfterExec
utionStep.execute(CaptureOutputsAfter
ExecutionStep.java:46)
[        ] 	at org.gradle.internal.ex
ecution.steps.ResolveInputChangesStep
.execute(ResolveInputChangesStep.java
:40)
[        ] 	at org.gradle.internal.ex
ecution.steps.ResolveInputChangesStep
.execute(ResolveInputChangesStep.java
:29)
[        ] 	at org.gradle.internal.ex
ecution.steps.BuildCacheStep.executeW
ithoutCache(BuildCacheStep.java:189)
[        ] 	at org.gradle.internal.ex
ecution.steps.BuildCacheStep.lambda$e
xecute$1(BuildCacheStep.java:75)
[        ] 	at org.gradle.internal.Ei
ther$Right.fold(Either.java:175)
[        ] 	at org.gradle.internal.ex
ecution.caching.CachingState.fold(Cac
hingState.java:62)
[        ] 	at org.gradle.internal.ex
ecution.steps.BuildCacheStep.execute(
BuildCacheStep.java:73)
[        ] 	at org.gradle.internal.ex
ecution.steps.BuildCacheStep.execute(
BuildCacheStep.java:48)
[        ] 	at org.gradle.internal.ex
ecution.steps.StoreExecutionStateStep
.execute(StoreExecutionStateStep.java
:46)
[        ] 	at org.gradle.internal.ex
ecution.steps.StoreExecutionStateStep
.execute(StoreExecutionStateStep.java
:35)
[        ] 	at org.gradle.internal.ex
ecution.steps.SkipUpToDateStep.execut
eBecause(SkipUpToDateStep.java:75)
[        ] 	at org.gradle.internal.ex
ecution.steps.SkipUpToDateStep.lambda
$execute$2(SkipUpToDateStep.java:53)
[        ] 	at java.base/java.util.Op
tional.orElseGet(Unknown Source)
[        ] 	at org.gradle.internal.ex
ecution.steps.SkipUpToDateStep.execut
e(SkipUpToDateStep.java:53)
[        ] 	at org.gradle.internal.ex
ecution.steps.SkipUpToDateStep.execut
e(SkipUpToDateStep.java:35)
[        ] 	at org.gradle.internal.ex
ecution.steps.legacy.MarkSnapshotting
InputsFinishedStep.execute(MarkSnapsh
ottingInputsFinishedStep.java:37)
[        ] 	at org.gradle.internal.ex
ecution.steps.legacy.MarkSnapshotting
InputsFinishedStep.execute(MarkSnapsh
ottingInputsFinishedStep.java:27)
[        ] 	at org.gradle.internal.ex
ecution.steps.ResolveIncrementalCachi
ngStateStep.executeDelegate(ResolveIn
crementalCachingStateStep.java:49)
[        ] 	at org.gradle.internal.ex
ecution.steps.ResolveIncrementalCachi
ngStateStep.executeDelegate(ResolveIn
crementalCachingStateStep.java:27)
[        ] 	at org.gradle.internal.ex
ecution.steps.AbstractResolveCachingS
tateStep.execute(AbstractResolveCachi
ngStateStep.java:71)
[        ] 	at org.gradle.internal.ex
ecution.steps.AbstractResolveCachingS
tateStep.execute(AbstractResolveCachi
ngStateStep.java:39)
[        ] 	at org.gradle.internal.ex
ecution.steps.ResolveChangesStep.exec
ute(ResolveChangesStep.java:65)
[        ] 	at org.gradle.internal.ex
ecution.steps.ResolveChangesStep.exec
ute(ResolveChangesStep.java:36)
[        ] 	at org.gradle.internal.ex
ecution.steps.ValidateStep.execute(Va
lidateStep.java:107)
[        ] 	at org.gradle.internal.ex
ecution.steps.ValidateStep.execute(Va
lidateStep.java:56)
[        ] 	at org.gradle.internal.ex
ecution.steps.AbstractCaptureStateBef
oreExecutionStep.execute(AbstractCapt
ureStateBeforeExecutionStep.java:64)
[        ] 	at org.gradle.internal.ex
ecution.steps.AbstractCaptureStateBef
oreExecutionStep.execute(AbstractCapt
ureStateBeforeExecutionStep.java:43)
[        ] 	at org.gradle.internal.ex
ecution.steps.AbstractSkipEmptyWorkSt
ep.executeWithNonEmptySources(Abstrac
tSkipEmptyWorkStep.java:125)
[        ] 	at org.gradle.internal.ex
ecution.steps.AbstractSkipEmptyWorkSt
ep.execute(AbstractSkipEmptyWorkStep.
java:56)
[        ] 	at org.gradle.internal.ex
ecution.steps.AbstractSkipEmptyWorkSt
ep.execute(AbstractSkipEmptyWorkStep.
java:36)
[        ] 	at org.gradle.internal.ex
ecution.steps.legacy.MarkSnapshotting
InputsStartedStep.execute(MarkSnapsho
ttingInputsStartedStep.java:38)
[        ] 	at org.gradle.internal.ex
ecution.steps.LoadPreviousExecutionSt
ateStep.execute(LoadPreviousExecution
StateStep.java:36)
[        ] 	at org.gradle.internal.ex
ecution.steps.LoadPreviousExecutionSt
ateStep.execute(LoadPreviousExecution
StateStep.java:23)
[        ] 	at org.gradle.internal.ex
ecution.steps.HandleStaleOutputsStep.
execute(HandleStaleOutputsStep.java:7
5)
[        ] 	at org.gradle.internal.ex
ecution.steps.HandleStaleOutputsStep.
execute(HandleStaleOutputsStep.java:4
1)
[        ] 	at org.gradle.internal.ex
ecution.steps.AssignMutableWorkspaceS
tep.lambda$execute$0(AssignMutableWor
kspaceStep.java:35)
[        ] 	at org.gradle.api.interna
l.tasks.execution.TaskExecution$4.wit
hWorkspace(TaskExecution.java:289)
[        ] 	at org.gradle.internal.ex
ecution.steps.AssignMutableWorkspaceS
tep.execute(AssignMutableWorkspaceSte
p.java:31)
[        ] 	at org.gradle.internal.ex
ecution.steps.AssignMutableWorkspaceS
tep.execute(AssignMutableWorkspaceSte
p.java:22)
[        ] 	at org.gradle.internal.ex
ecution.steps.ChoosePipelineStep.exec
ute(ChoosePipelineStep.java:40)
[        ] 	at org.gradle.internal.ex
ecution.steps.ChoosePipelineStep.exec
ute(ChoosePipelineStep.java:23)
[        ] 	at org.gradle.internal.ex
ecution.steps.ExecuteWorkBuildOperati
onFiringStep.lambda$execute$2(Execute
WorkBuildOperationFiringStep.java:67)
[        ] 	at java.base/java.util.Op
tional.orElseGet(Unknown Source)
[        ] 	at org.gradle.internal.ex
ecution.steps.ExecuteWorkBuildOperati
onFiringStep.execute(ExecuteWorkBuild
OperationFiringStep.java:67)
[        ] 	at org.gradle.internal.ex
ecution.steps.ExecuteWorkBuildOperati
onFiringStep.execute(ExecuteWorkBuild
OperationFiringStep.java:39)
[        ] 	at org.gradle.internal.ex
ecution.steps.IdentityCacheStep.execu
te(IdentityCacheStep.java:46)
[        ] 	at org.gradle.internal.ex
ecution.steps.IdentityCacheStep.execu
te(IdentityCacheStep.java:34)
[        ] 	at org.gradle.internal.ex
ecution.steps.IdentifyStep.execute(Id
entifyStep.java:48)
[        ] 	at org.gradle.internal.ex
ecution.steps.IdentifyStep.execute(Id
entifyStep.java:35)
[        ] 	at org.gradle.internal.ex
ecution.impl.DefaultExecutionEngine$1
.execute(DefaultExecutionEngine.java:
64)
[        ] 	at org.gradle.api.interna
l.tasks.execution.ExecuteActionsTaskE
xecuter.executeIfValid(ExecuteActions
TaskExecuter.java:127)
[        ] 	at org.gradle.api.interna
l.tasks.execution.ExecuteActionsTaskE
xecuter.execute(ExecuteActionsTaskExe
cuter.java:116)
[        ] 	at org.gradle.api.interna
l.tasks.execution.ProblemsTaskPathTra
ckingTaskExecuter.execute(ProblemsTas
kPathTrackingTaskExecuter.java:41)
[        ] 	at org.gradle.api.interna
l.tasks.execution.FinalizePropertiesT
askExecuter.execute(FinalizePropertie
sTaskExecuter.java:46)
[        ] 	at org.gradle.api.interna
l.tasks.execution.ResolveTaskExecutio
nModeExecuter.execute(ResolveTaskExec
utionModeExecuter.java:51)
[        ] 	at org.gradle.api.interna
l.tasks.execution.SkipTaskWithNoActio
nsExecuter.execute(SkipTaskWithNoActi
onsExecuter.java:57)
[        ] 	at org.gradle.api.interna
l.tasks.execution.SkipOnlyIfTaskExecu
ter.execute(SkipOnlyIfTaskExecuter.ja
va:74)
[        ] 	at org.gradle.api.interna
l.tasks.execution.CatchExceptionTaskE
xecuter.execute(CatchExceptionTaskExe
cuter.java:36)
[        ] 	at org.gradle.api.interna
l.tasks.execution.EventFiringTaskExec
uter$1.executeTask(EventFiringTaskExe
cuter.java:77)
[        ] 	at org.gradle.api.interna
l.tasks.execution.EventFiringTaskExec
uter$1.call(EventFiringTaskExecuter.j
ava:55)
[        ] 	at org.gradle.api.interna
l.tasks.execution.EventFiringTaskExec
uter$1.call(EventFiringTaskExecuter.j
ava:52)
[        ] 	at org.gradle.internal.op
erations.DefaultBuildOperationRunner$
CallableBuildOperationWorker.execute(
DefaultBuildOperationRunner.java:210)
[        ] 	at org.gradle.internal.op
erations.DefaultBuildOperationRunner$
CallableBuildOperationWorker.execute(
DefaultBuildOperationRunner.java:205)
[        ] 	at org.gradle.internal.op
erations.DefaultBuildOperationRunner$
2.execute(DefaultBuildOperationRunner
.java:67)
[        ] 	at org.gradle.internal.op
erations.DefaultBuildOperationRunner$
2.execute(DefaultBuildOperationRunner
.java:60)
[        ] 	at org.gradle.internal.op
erations.DefaultBuildOperationRunner.
execute(DefaultBuildOperationRunner.j
ava:167)
[        ] 	at org.gradle.internal.op
erations.DefaultBuildOperationRunner.
execute(DefaultBuildOperationRunner.j
ava:60)
[        ] 	at org.gradle.internal.op
erations.DefaultBuildOperationRunner.
call(DefaultBuildOperationRunner.java
:54)
[        ] 	at org.gradle.api.interna
l.tasks.execution.EventFiringTaskExec
uter.execute(EventFiringTaskExecuter.
java:52)
[        ] 	at org.gradle.execution.p
lan.LocalTaskNodeExecutor.execute(Loc
alTaskNodeExecutor.java:42)
[        ] 	at org.gradle.execution.t
askgraph.DefaultTaskExecutionGraph$In
vokeNodeExecutorsAction.execute(Defau
ltTaskExecutionGraph.java:331)
[        ] 	at org.gradle.execution.t
askgraph.DefaultTaskExecutionGraph$In
vokeNodeExecutorsAction.execute(Defau
ltTaskExecutionGraph.java:318)
[        ] 	at org.gradle.execution.t
askgraph.DefaultTaskExecutionGraph$Bu
ildOperationAwareExecutionAction.lamb
da$execute$0(DefaultTaskExecutionGrap
h.java:314)
[        ] 	at org.gradle.internal.op
erations.CurrentBuildOperationRef.wit
h(CurrentBuildOperationRef.java:85)
[        ] 	at org.gradle.execution.t
askgraph.DefaultTaskExecutionGraph$Bu
ildOperationAwareExecutionAction.exec
ute(DefaultTaskExecutionGraph.java:31
4)
[        ] 	at org.gradle.execution.t
askgraph.DefaultTaskExecutionGraph$Bu
ildOperationAwareExecutionAction.exec
ute(DefaultTaskExecutionGraph.java:30
3)
[        ] 	at org.gradle.execution.p
lan.DefaultPlanExecutor$ExecutorWorke
r.execute(DefaultPlanExecutor.java:45
9)
[        ] 	at org.gradle.execution.p
lan.DefaultPlanExecutor$ExecutorWorke
r.run(DefaultPlanExecutor.java:376)
[        ] 	at org.gradle.internal.co
ncurrent.ExecutorPolicy$CatchAndRecor
dFailures.onExecute(ExecutorPolicy.ja
va:64)
[        ] 	at org.gradle.internal.co
ncurrent.AbstractManagedExecutor$1.ru
n(AbstractManagedExecutor.java:48)
[        ] 	at java.base/java.util.co
ncurrent.ThreadPoolExecutor.runWorker
(Unknown Source)
[        ] 	at java.base/java.util.co
ncurrent.ThreadPoolExecutor$Worker.ru
n(Unknown Source)
[        ] 	at java.base/java.lang.Th
read.run(Unknown Source)
[        ] BUILD FAILED in 6s
[        ] Deprecated Gradle features were used in this build, making it incompatible with Gradle 9.0.
[        ] You can use '--warning-mode all' to show the individual deprecation warnings and determine if they come from your own scripts or plugins.
[        ] For more on this, please refer to https://docs.gradle.org/8.14/userguide/command_line_interface.html#sec:command_line_warnings in the Gradle documentation.
[        ] 6 actionable tasks: 2 executed, 4 up-to-date
[        ] Watched directory hierarchies: [C:\Flutter\flutter\packages\flutter_tools\gradle]
[  +85 ms] Running Gradle task 'assembleDebug'... (completed in 7,2s)
[+2186 ms] Error: Gradle task assembl
eDebug failed with exit code 1
[   +2 ms] "flutter run" took 11.259ms.
[  +72 ms] 
           #0      throwToolExit (pac
kage:flutter_tools/src/base/common.da
rt:34:3)
           #1      RunCommand.runComm
and (package:flutter_tools/src/comman
ds/run.dart:897:9)
           <asynchronous suspension>
           #2      FlutterCommand.run
.<anonymous closure> (package:flutter
_tools/src/runner/flutter_command.dar
t:1559:27)
           <asynchronous suspension>
           #3      AppContext.run.<an
onymous closure> (package:flutter_too
ls/src/base/context.dart:154:19)
           <asynchronous suspension>
           #4      CommandRunner.runC
ommand (package:args/command_runner.d
art:212:13)
           <asynchronous suspension>
           #5      FlutterCommandRunn
er.runCommand.<anonymous closure> (pa
ckage:flutter_tools/src/runner/flutte
r_command_runner.dart:487:9)
           <asynchronous suspension>
           #6      AppContext.run.<an
onymous closure> (package:flutter_too
ls/src/base/context.dart:154:19)
           <asynchronous suspension>
           #7      FlutterCommandRunn
er.runCommand (package:flutter_tools/
src/runner/flutter_command_runner.dar
t:422:5)
           <asynchronous suspension>
           #8      run.<anonymous clo
sure>.<anonymous closure> (package:fl
utter_tools/runner.dart:104:11)
           <asynchronous suspension>
           #9      AppContext.run.<an
onymous closure> (package:flutter_too
ls/src/base/context.dart:154:19)
           <asynchronous suspension>
           #10     main (package:flut
ter_tools/executable.dart:103:3)
           <asynchronous suspension>


[        ] Running 3 shutdown hooks
[   +9 ms] Shutdown hooks complete
[  +43 ms] exiting with code 1
